2018-12-24 22:29:14 [scrapy.utils.log] INFO: Scrapy 1.5.0 started (bot: anjukecrawl)
2018-12-24 22:29:14 [scrapy.utils.log] INFO: Versions: lxml 3.5.0.0, libxml2 2.9.3, cssselect 1.0.3, parsel 1.4.0, w3lib 1.19.0, Twisted 17.9.0, Python 2.7.12 (default, Nov 12 2018, 14:36:49) - [GCC 5.4.0 20160609], pyOpenSSL 17.5.0 (OpenSSL 1.1.0h  27 Mar 2018), cryptography 2.2.2, Platform Linux-4.4.0-96-generic-x86_64-with-Ubuntu-16.04-xenial
2018-12-24 22:29:14 [scrapy.crawler] INFO: Overridden settings: {'NEWSPIDER_MODULE': 'anjukecrawl.spiders', 'SPIDER_MODULES': ['anjukecrawl.spiders'], 'AUTOTHROTTLE_ENABLED': True, 'BOT_NAME': 'anjukecrawl', 'COOKIES_ENABLED': False, 'LOG_FILE': 'AJK.log', 'DOWNLOAD_DELAY': 3}
2018-12-24 22:29:14 [scrapy.middleware] INFO: Enabled extensions:
['scrapy.extensions.memusage.MemoryUsage',
 'scrapy.extensions.logstats.LogStats',
 'scrapy.extensions.telnet.TelnetConsole',
 'scrapy.extensions.corestats.CoreStats',
 'scrapy.extensions.throttle.AutoThrottle']
2018-12-24 22:29:14 [twisted] CRITICAL: Unhandled error in Deferred:
2018-12-24 22:29:14 [twisted] CRITICAL: 
Traceback (most recent call last):
  File "/usr/local/lib/python2.7/dist-packages/twisted/internet/defer.py", line 1386, in _inlineCallbacks
    result = g.send(result)
  File "/usr/local/lib/python2.7/dist-packages/scrapy/crawler.py", line 98, in crawl
    six.reraise(*exc_info)
  File "/usr/local/lib/python2.7/dist-packages/scrapy/crawler.py", line 80, in crawl
    self.engine = self._create_engine()
  File "/usr/local/lib/python2.7/dist-packages/scrapy/crawler.py", line 105, in _create_engine
    return ExecutionEngine(self, lambda _: self.stop())
  File "/usr/local/lib/python2.7/dist-packages/scrapy/core/engine.py", line 69, in __init__
    self.downloader = downloader_cls(crawler)
  File "/usr/local/lib/python2.7/dist-packages/scrapy/core/downloader/__init__.py", line 88, in __init__
    self.middleware = DownloaderMiddlewareManager.from_crawler(crawler)
  File "/usr/local/lib/python2.7/dist-packages/scrapy/middleware.py", line 58, in from_crawler
    return cls.from_settings(crawler.settings, crawler)
  File "/usr/local/lib/python2.7/dist-packages/scrapy/middleware.py", line 34, in from_settings
    mwcls = load_object(clspath)
  File "/usr/local/lib/python2.7/dist-packages/scrapy/utils/misc.py", line 44, in load_object
    mod = import_module(module)
  File "/usr/lib/python2.7/importlib/__init__.py", line 37, in import_module
    __import__(name)
ImportError: No module named anukeCrawl.middlewares
2018-12-24 22:29:21 [scrapy.utils.log] INFO: Scrapy 1.5.0 started (bot: anjukecrawl)
2018-12-24 22:29:21 [scrapy.utils.log] INFO: Versions: lxml 3.5.0.0, libxml2 2.9.3, cssselect 1.0.3, parsel 1.4.0, w3lib 1.19.0, Twisted 17.9.0, Python 2.7.12 (default, Nov 12 2018, 14:36:49) - [GCC 5.4.0 20160609], pyOpenSSL 17.5.0 (OpenSSL 1.1.0h  27 Mar 2018), cryptography 2.2.2, Platform Linux-4.4.0-96-generic-x86_64-with-Ubuntu-16.04-xenial
2018-12-24 22:29:21 [scrapy.crawler] INFO: Overridden settings: {'NEWSPIDER_MODULE': 'anjukecrawl.spiders', 'SPIDER_MODULES': ['anjukecrawl.spiders'], 'AUTOTHROTTLE_ENABLED': True, 'BOT_NAME': 'anjukecrawl', 'COOKIES_ENABLED': False, 'LOG_FILE': 'AJK.log', 'DOWNLOAD_DELAY': 3}
2018-12-24 22:29:21 [scrapy.middleware] INFO: Enabled extensions:
['scrapy.extensions.memusage.MemoryUsage',
 'scrapy.extensions.logstats.LogStats',
 'scrapy.extensions.telnet.TelnetConsole',
 'scrapy.extensions.corestats.CoreStats',
 'scrapy.extensions.throttle.AutoThrottle']
2018-12-24 22:29:21 [twisted] CRITICAL: Unhandled error in Deferred:
2018-12-24 22:29:21 [twisted] CRITICAL: 
Traceback (most recent call last):
  File "/usr/local/lib/python2.7/dist-packages/twisted/internet/defer.py", line 1386, in _inlineCallbacks
    result = g.send(result)
  File "/usr/local/lib/python2.7/dist-packages/scrapy/crawler.py", line 98, in crawl
    six.reraise(*exc_info)
  File "/usr/local/lib/python2.7/dist-packages/scrapy/crawler.py", line 80, in crawl
    self.engine = self._create_engine()
  File "/usr/local/lib/python2.7/dist-packages/scrapy/crawler.py", line 105, in _create_engine
    return ExecutionEngine(self, lambda _: self.stop())
  File "/usr/local/lib/python2.7/dist-packages/scrapy/core/engine.py", line 69, in __init__
    self.downloader = downloader_cls(crawler)
  File "/usr/local/lib/python2.7/dist-packages/scrapy/core/downloader/__init__.py", line 88, in __init__
    self.middleware = DownloaderMiddlewareManager.from_crawler(crawler)
  File "/usr/local/lib/python2.7/dist-packages/scrapy/middleware.py", line 58, in from_crawler
    return cls.from_settings(crawler.settings, crawler)
  File "/usr/local/lib/python2.7/dist-packages/scrapy/middleware.py", line 34, in from_settings
    mwcls = load_object(clspath)
  File "/usr/local/lib/python2.7/dist-packages/scrapy/utils/misc.py", line 44, in load_object
    mod = import_module(module)
  File "/usr/lib/python2.7/importlib/__init__.py", line 37, in import_module
    __import__(name)
ImportError: No module named anukeCrawl.middlewares
2018-12-24 22:29:43 [scrapy.utils.log] INFO: Scrapy 1.5.0 started (bot: anjukecrawl)
2018-12-24 22:29:43 [scrapy.utils.log] INFO: Versions: lxml 3.5.0.0, libxml2 2.9.3, cssselect 1.0.3, parsel 1.4.0, w3lib 1.19.0, Twisted 17.9.0, Python 2.7.12 (default, Nov 12 2018, 14:36:49) - [GCC 5.4.0 20160609], pyOpenSSL 17.5.0 (OpenSSL 1.1.0h  27 Mar 2018), cryptography 2.2.2, Platform Linux-4.4.0-96-generic-x86_64-with-Ubuntu-16.04-xenial
2018-12-24 22:29:43 [scrapy.crawler] INFO: Overridden settings: {'NEWSPIDER_MODULE': 'anjukecrawl.spiders', 'SPIDER_MODULES': ['anjukecrawl.spiders'], 'AUTOTHROTTLE_ENABLED': True, 'BOT_NAME': 'anjukecrawl', 'COOKIES_ENABLED': False, 'LOG_FILE': 'AJK.log', 'DOWNLOAD_DELAY': 3}
2018-12-24 22:29:43 [scrapy.middleware] INFO: Enabled extensions:
['scrapy.extensions.memusage.MemoryUsage',
 'scrapy.extensions.logstats.LogStats',
 'scrapy.extensions.telnet.TelnetConsole',
 'scrapy.extensions.corestats.CoreStats',
 'scrapy.extensions.throttle.AutoThrottle']
2018-12-24 22:29:43 [twisted] CRITICAL: Unhandled error in Deferred:
2018-12-24 22:29:43 [twisted] CRITICAL: 
Traceback (most recent call last):
  File "/usr/local/lib/python2.7/dist-packages/twisted/internet/defer.py", line 1386, in _inlineCallbacks
    result = g.send(result)
  File "/usr/local/lib/python2.7/dist-packages/scrapy/crawler.py", line 98, in crawl
    six.reraise(*exc_info)
  File "/usr/local/lib/python2.7/dist-packages/scrapy/crawler.py", line 80, in crawl
    self.engine = self._create_engine()
  File "/usr/local/lib/python2.7/dist-packages/scrapy/crawler.py", line 105, in _create_engine
    return ExecutionEngine(self, lambda _: self.stop())
  File "/usr/local/lib/python2.7/dist-packages/scrapy/core/engine.py", line 69, in __init__
    self.downloader = downloader_cls(crawler)
  File "/usr/local/lib/python2.7/dist-packages/scrapy/core/downloader/__init__.py", line 88, in __init__
    self.middleware = DownloaderMiddlewareManager.from_crawler(crawler)
  File "/usr/local/lib/python2.7/dist-packages/scrapy/middleware.py", line 58, in from_crawler
    return cls.from_settings(crawler.settings, crawler)
  File "/usr/local/lib/python2.7/dist-packages/scrapy/middleware.py", line 34, in from_settings
    mwcls = load_object(clspath)
  File "/usr/local/lib/python2.7/dist-packages/scrapy/utils/misc.py", line 44, in load_object
    mod = import_module(module)
  File "/usr/lib/python2.7/importlib/__init__.py", line 37, in import_module
    __import__(name)
ImportError: No module named anukeCrawl.middlewares
